FILE_TYPE=LIBRARY_PARTS;
PRIMITIVE 'LM2576S_3.3_NOPB','LM2576S_3.3_NOPB_TO-XXX (Inc. DPAK)';
  PIN
    'VIN':
      PIN_NUMBER='(1)';
      NO_LOAD_CHECK=BOTH;
      NO_IO_CHECK=BOTH;
      ALLOW_CONNECT=TRUE;
      PINUSE='INPUT';
    'OUTPUT':
      PIN_NUMBER='(2)';
      NO_LOAD_CHECK=BOTH;
      NO_IO_CHECK=BOTH;
      ALLOW_CONNECT=TRUE;
      PINUSE='OUTPUT';
    'GROUND':
      PIN_NUMBER='(3)';
      NO_LOAD_CHECK=BOTH;
      NO_IO_CHECK=BOTH;
      ALLOW_CONNECT=TRUE;
      PINUSE='UNSPEC';
    'FEEDBACK':
      PIN_NUMBER='(4)';
      NO_LOAD_CHECK=BOTH;
      NO_IO_CHECK=BOTH;
      ALLOW_CONNECT=TRUE;
      PINUSE='UNSPEC';
    'ON*/OFF':
      PIN_NUMBER='(5)';
      NO_LOAD_CHECK=BOTH;
      NO_IO_CHECK=BOTH;
      ALLOW_CONNECT=TRUE;
      PINUSE='UNSPEC';
    'GND_(TAB)':
      PIN_NUMBER='(6)';
      NO_LOAD_CHECK=BOTH;
      NO_IO_CHECK=BOTH;
      ALLOW_CONNECT=TRUE;
      PINUSE='GROUND';
  END_PIN;
  BODY
    PART_NAME='LM2576S_3.3_NOPB';
    PHYS_DES_PREFIX='IC';
    NO_LOAD_CHECK='TRUE';
    PIN_COUNT='6';
    BODY_NAME='LM2576S_3.3_NOPB';
    JEDEC_TYPE='TO170P1435X465-6N';
  END_BODY;
END_PRIMITIVE;
END.
